C:\Program Files\Microsoft Visual Studio\2022\Community\MSBuild\Microsoft\VC\v170\Microsoft.CppBuild.targets(516,5): warning MSB8004: каталог Intermediate заканчивается не косой чертой.  Этот экземпляр сборки добавит косую черту, поскольку она необходима для правильного определения каталога Intermediate.
  aimbot.cpp
C:\Users\1488\Documents\rust\core\game\sdk.hpp(52,10): warning C4267: =: преобразование из "size_t" в "int"; возможна потеря данных
  (компиляция исходного файла "core/features/aimbot/aimbot.cpp")
  
  aimbot_data.cpp
C:\Users\1488\Documents\rust\core\game\sdk.hpp(52,10): warning C4267: =: преобразование из "size_t" в "int"; возможна потеря данных
  (компиляция исходного файла "core/features/aimbot/aimbot_data.cpp")
  
  cfg.cpp
C:\Users\1488\Documents\rust\core\game\sdk.hpp(52,10): warning C4267: =: преобразование из "size_t" в "int"; возможна потеря данных
  (компиляция исходного файла "core/features/menu/cfg.cpp")
  
  gui_framework.cpp
C:\Users\1488\Documents\rust\core\game\sdk.hpp(52,10): warning C4267: =: преобразование из "size_t" в "int"; возможна потеря данных
  (компиляция исходного файла "core/features/menu/framework/gui_framework.cpp")
  
C:\Users\1488\Documents\rust\core\features\menu\framework\gui_framework.cpp(145,16): warning C4267: инициализация: преобразование из "size_t" в "int"; возможна потеря данных
C:\Users\1488\Documents\rust\core\features\menu\framework\gui_framework.cpp(208,93): warning C4244: аргумент: преобразование "int" в "float", возможна потеря данных
C:\Users\1488\Documents\rust\core\features\menu\framework\gui_framework.cpp(210,62): warning C4244: аргумент: преобразование "int" в "float", возможна потеря данных
C:\Users\1488\Documents\rust\core\features\menu\framework\gui_framework.cpp(211,67): warning C4244: аргумент: преобразование "int" в "float", возможна потеря данных
C:\Users\1488\Documents\rust\core\features\menu\framework\gui_framework.cpp(242,93): warning C4244: аргумент: преобразование "int" в "float", возможна потеря данных
C:\Users\1488\Documents\rust\core\features\menu\framework\gui_framework.cpp(244,62): warning C4244: аргумент: преобразование "int" в "float", возможна потеря данных
C:\Users\1488\Documents\rust\core\features\menu\framework\gui_framework.cpp(245,67): warning C4244: аргумент: преобразование "int" в "float", возможна потеря данных
C:\Users\1488\Documents\rust\core\features\menu\framework\gui_framework.cpp(260,123): warning C4244: аргумент: преобразование "int" в "float", возможна потеря данных
  gui_hook.cpp
C:\Users\1488\Documents\rust\core\game\sdk.hpp(52,10): warning C4267: =: преобразование из "size_t" в "int"; возможна потеря данных
  (компиляция исходного файла "core/features/menu/gui_hook.cpp")
  
C:\Users\1488\Documents\rust\core\features\menu\gui_hook.cpp(133,86): warning C4244: аргумент: преобразование "float" в "int", возможна потеря данных
C:\Users\1488\Documents\rust\core\features\menu\gui_hook.cpp(167,83): warning C4244: аргумент: преобразование "int" в "float", возможна потеря данных
C:\Users\1488\Documents\rust\core\features\menu\gui_hook.cpp(167,55): warning C4244: аргумент: преобразование "int" в "float", возможна потеря данных
C:\Users\1488\Documents\rust\core\features\menu\gui_hook.cpp(472,63): warning C4244: аргумент: преобразование "int" в "float", возможна потеря данных
C:\Users\1488\Documents\rust\core\features\menu\gui_hook.cpp(474,63): warning C4244: аргумент: преобразование "int" в "float", возможна потеря данных
C:\Users\1488\Documents\rust\core\features\menu\gui_hook.cpp(495,66): warning C4244: аргумент: преобразование "int" в "float", возможна потеря данных
  menu_tabs.cpp
C:\Users\1488\Documents\rust\core\game\sdk.hpp(52,10): warning C4267: =: преобразование из "size_t" в "int"; возможна потеря данных
  (компиляция исходного файла "core/features/menu/menu_tabs.cpp")
  
C:\Users\1488\Documents\rust\core\features\menu\menu_tabs.cpp(691,101): warning C4244: аргумент: преобразование "float" в "int", возможна потеря данных
C:\Users\1488\Documents\rust\core\features\menu\menu_tabs.cpp(691,95): warning C4244: аргумент: преобразование "float" в "int", возможна потеря данных
C:\Users\1488\Documents\rust\core\features\menu\menu_tabs.cpp(725,93): warning C4244: аргумент: преобразование "float" в "int", возможна потеря данных
C:\Users\1488\Documents\rust\core\features\menu\menu_tabs.cpp(727,109): warning C4244: аргумент: преобразование "float" в "int", возможна потеря данных
C:\Users\1488\Documents\rust\core\features\menu\menu_tabs.cpp(727,103): warning C4244: аргумент: преобразование "float" в "int", возможна потеря данных
  esp.cpp
C:\Users\1488\Documents\rust\core\game\sdk.hpp(52,10): warning C4267: =: преобразование из "size_t" в "int"; возможна потеря данных
  (компиляция исходного файла "core/features/visuals/esp.cpp")
  
C:\Users\1488\Documents\rust\core\features\visuals\esp.cpp(361,73): warning C4244: =: преобразование "float" в "int", возможна потеря данных
C:\Users\1488\Documents\rust\core\features\visuals\esp.cpp(363,73): warning C4244: =: преобразование "float" в "int", возможна потеря данных
C:\Users\1488\Documents\rust\core\features\visuals\esp.cpp(549,15): warning C4244: инициализация: преобразование "double" в "float", возможна потеря данных
C:\Users\1488\Documents\rust\core\features\visuals\esp.cpp(561,30): warning C4244: =: преобразование "double" в "float", возможна потеря данных
C:\Users\1488\Documents\rust\core\features\visuals\esp.cpp(562,30): warning C4244: =: преобразование "double" в "float", возможна потеря данных
C:\Users\1488\Documents\rust\core\features\visuals\esp.cpp(1562,23): warning C4018: <: несоответствие типов со знаком и без знака
C:\Users\1488\Documents\rust\core\features\visuals\esp.cpp(1643,30): error C2653: core: не является именем класса или пространства имен
C:\Users\1488\Documents\rust\core\features\visuals\esp.cpp(1646,13): error C2664: "void c_renderer::draw_text(vec4_t,u_string,color_t,bool,int,font_flags_t,color_t)": невозможно преобразовать аргумент 2 из "std::string" в "u_string"
  C:\Users\1488\Documents\rust\core\features\visuals\esp.cpp(1647,9):
  Для выполнения данного преобразования нет доступного оператора преобразования, определенного пользователем, или вызов оператора невозможен
  C:\Users\1488\Documents\rust\core\game\render\render.hpp(58,7):
   см. объявление "c_renderer::draw_text"
  C:\Users\1488\Documents\rust\core\features\visuals\esp.cpp(1646,13):
  при попытке сопоставить список аргументов "(vec4_t, std::string, color_t, bool, int, font_flags_t)"
  
C:\Users\1488\Documents\rust\core\features\visuals\esp.cpp(1669,95): warning C4244: аргумент: преобразование "int" в "float", возможна потеря данных
C:\Users\1488\Documents\rust\core\features\visuals\esp.cpp(1674,114): warning C4244: аргумент: преобразование "int" в "float", возможна потеря данных
C:\Users\1488\Documents\rust\core\features\visuals\esp.cpp(1674,98): warning C4244: аргумент: преобразование "int" в "float", возможна потеря данных
C:\Users\1488\Documents\rust\core\features\visuals\esp.cpp(2069,13): warning C4834: удаление возвращаемого значения функции с атрибутом [[nodiscard]]
C:\Users\1488\Documents\rust\core\features\visuals\esp.cpp(2345,20): warning C4244: инициализация: преобразование "double" в "float", возможна потеря данных
  world_esp.cpp
C:\Users\1488\Documents\rust\core\game\sdk.hpp(52,10): warning C4267: =: преобразование из "size_t" в "int"; возможна потеря данных
  (компиляция исходного файла "core/features/visuals/world_esp.cpp")
  
  render.cpp
C:\Users\1488\Documents\rust\core\game\sdk.hpp(52,10): warning C4267: =: преобразование из "size_t" в "int"; возможна потеря данных
  (компиляция исходного файла "core/game/render/render.cpp")
  
  sdk.cpp
C:\Users\1488\Documents\rust\core\game\sdk.hpp(52,10): warning C4267: =: преобразование из "size_t" в "int"; возможна потеря данных
  (компиляция исходного файла "core/game/sdk.cpp")
  
C:\Users\1488\Documents\rust\core\game\sdk.cpp(70,65): warning C4244: =: преобразование "int" в "float", возможна потеря данных
C:\Users\1488\Documents\rust\core\game\sdk.cpp(71,65): warning C4244: =: преобразование "int" в "float", возможна потеря данных
C:\Users\1488\Documents\rust\core\game\sdk.cpp(252,18): warning C4267: инициализация: преобразование из "size_t" в "char"; возможна потеря данных
C:\Users\1488\Documents\rust\core\game\sdk.cpp(601,77): warning C4244: аргумент: преобразование "uint64_t" в "int", возможна потеря данных
C:\Users\1488\Documents\rust\core\game\sdk.cpp(4993,9): warning C4244: return: преобразование "uintptr_t" в "int", возможна потеря данных
C:\Program Files\Microsoft Visual Studio\2022\Community\VC\Tools\MSVC\14.38.33130\include\xstring(2749,53): warning C4244: аргумент: преобразование "const wchar_t" в "const _Elem", возможна потеря данных
C:\Program Files\Microsoft Visual Studio\2022\Community\VC\Tools\MSVC\14.38.33130\include\xstring(2749,53): warning C4244:         with
C:\Program Files\Microsoft Visual Studio\2022\Community\VC\Tools\MSVC\14.38.33130\include\xstring(2749,53): warning C4244:         [
C:\Program Files\Microsoft Visual Studio\2022\Community\VC\Tools\MSVC\14.38.33130\include\xstring(2749,53): warning C4244:             _Elem=char
C:\Program Files\Microsoft Visual Studio\2022\Community\VC\Tools\MSVC\14.38.33130\include\xstring(2749,53): warning C4244:         ]
  (компиляция исходного файла "core/game/sdk.cpp")
  C:\Program Files\Microsoft Visual Studio\2022\Community\VC\Tools\MSVC\14.38.33130\include\xstring(2749,53):
  контекст создания экземпляра шаблона (сначала самый старый)
  	C:\Users\1488\Documents\rust\core\game\sdk.cpp(264,17):
  	выполняется компиляция ссылки на экземпляр шаблон функции "std::basic_string<char,std::char_traits<char>,std::allocator<char>>::basic_string<std::_String_const_iterator<std::_String_val<std::_Simple_types<_Elem>>>,0>(_Iter,_Iter,const _Alloc &)"
          with
          [
              _Elem=wchar_t,
              _Iter=std::_String_const_iterator<std::_String_val<std::_Simple_types<wchar_t>>>,
              _Alloc=std::allocator<char>
          ]
  		C:\Users\1488\Documents\rust\core\game\sdk.cpp(264,17):
  		см. первую ссылку на "std::basic_string<char,std::char_traits<char>,std::allocator<char>>::basic_string" в "c_sdk::ws2s"
  	C:\Program Files\Microsoft Visual Studio\2022\Community\VC\Tools\MSVC\14.38.33130\include\xstring(2590,17):
  	выполняется компиляция ссылки на экземпляр шаблон функции "void std::basic_string<char,std::char_traits<char>,std::allocator<char>>::_Construct_from_iter<const wchar_t*,const wchar_t*,_Size_type>(_Iter,const _Sent,_Size)"
          with
          [
              _Size_type=unsigned __int64,
              _Iter=const wchar_t *,
              _Sent=const wchar_t *,
              _Size=unsigned __int64
          ]
  
  il2cpp.cpp
  offsets.cpp
  client_related.cpp
C:\Users\1488\Documents\rust\core\game\sdk.hpp(52,10): warning C4267: =: преобразование из "size_t" в "int"; возможна потеря данных
  (компиляция исходного файла "core/hooks/client_related.cpp")
  
  hooker.cpp
C:\Users\1488\Documents\rust\core\game\sdk.hpp(52,10): warning C4267: =: преобразование из "size_t" в "int"; возможна потеря данных
  (компиляция исходного файла "core/hooks/hooker.cpp")
  
  movement_related.cpp
C:\Users\1488\Documents\rust\core\game\sdk.hpp(52,10): warning C4267: =: преобразование из "size_t" в "int"; возможна потеря данных
  (компиляция исходного файла "core/hooks/movement_related.cpp")
  
  player_related.cpp
C:\Users\1488\Documents\rust\core\game\sdk.hpp(52,10): warning C4267: =: преобразование из "size_t" в "int"; возможна потеря данных
  (компиляция исходного файла "core/hooks/player_related.cpp")
  
C:\Users\1488\Documents\rust\core\hooks\player_related.cpp(12,10): warning C4244: инициализация: преобразование "std::streamoff" в "int", возможна потеря данных
  projectile_related.cpp
C:\Users\1488\Documents\rust\core\game\sdk.hpp(52,10): warning C4267: =: преобразование из "size_t" в "int"; возможна потеря данных
  (компиляция исходного файла "core/hooks/projectile_related.cpp")
  
C:\Users\1488\Documents\rust\core\hooks\projectile_related.cpp(177,19): warning C4309: =: усечение константного значения
C:\Users\1488\Documents\rust\core\hooks\projectile_related.cpp(180,16): warning C4309: =: усечение константного значения
  weapon_related.cpp
C:\Users\1488\Documents\rust\core\game\sdk.hpp(52,10): warning C4267: =: преобразование из "size_t" в "int"; возможна потеря данных
  (компиляция исходного файла "core/hooks/weapon_related.cpp")
  
  source_main.cpp
C:\Users\1488\Documents\rust\core\game\sdk.hpp(52,10): warning C4267: =: преобразование из "size_t" в "int"; возможна потеря данных
  (компиляция исходного файла "source_main.cpp")
  
C:\Users\1488\Documents\rust\source_main.cpp(8,27): warning C4326: возвращаемый тип "main" должен быть "int", а не "unsigned long"
C:\Users\1488\Documents\rust\source_main.cpp(10,5): error C2653: il2mgr: не является именем класса или пространства имен
C:\Users\1488\Documents\rust\source_main.cpp(10,13): error C3861: init: идентификатор не найден
C:\Users\1488\Documents\rust\source_main.cpp(12,9): error C2653: hooks: не является именем класса или пространства имен
C:\Users\1488\Documents\rust\source_main.cpp(12,16): error C3861: init: идентификатор не найден
  math.cpp
C:\Users\1488\Documents\rust\core\utilities\math.cpp(151,12): warning C4244: инициализация: преобразование "double" в "float", возможна потеря данных
C:\Users\1488\Documents\rust\core\utilities\math.cpp(159,15): warning C4244: инициализация: преобразование "float" в "int", возможна потеря данных
C:\Users\1488\Documents\rust\core\utilities\math.cpp(160,15): warning C4244: инициализация: преобразование "float" в "int", возможна потеря данных
C:\Users\1488\Documents\rust\core\utilities\math.cpp(162,27): warning C4244: аргумент: преобразование "int" в "float", возможна потеря данных
C:\Users\1488\Documents\rust\core\utilities\math.cpp(162,17): warning C4244: аргумент: преобразование "int" в "float", возможна потеря данных
  Компиляция...
  memory.cpp
C:\Users\1488\Documents\rust\core\game\sdk.hpp(52,10): warning C4267: =: преобразование из "size_t" в "int"; возможна потеря данных
  (компиляция исходного файла "core/utilities/memory.cpp")
  
