c:\users\msi\documents\github\rust\trash\math.obj
c:\users\msi\documents\github\rust\trash\source_main.obj
c:\users\msi\documents\github\rust\trash\weapon_related.obj
c:\users\msi\documents\github\rust\trash\projectile_related.obj
c:\users\msi\documents\github\rust\trash\player_related.obj
c:\users\msi\documents\github\rust\trash\movement_related.obj
c:\users\msi\documents\github\rust\trash\hooker.obj
c:\users\msi\documents\github\rust\trash\client_related.obj
c:\users\msi\documents\github\rust\trash\offsets.obj
c:\users\msi\documents\github\rust\trash\il2cpp.obj
c:\users\msi\documents\github\rust\trash\sdk.obj
c:\users\msi\documents\github\rust\trash\render.obj
c:\users\msi\documents\github\rust\trash\world_esp.obj
c:\users\msi\documents\github\rust\trash\esp.obj
c:\users\msi\documents\github\rust\trash\menu_tabs.obj
c:\users\msi\documents\github\rust\trash\gui_hook.obj
c:\users\msi\documents\github\rust\trash\gui_framework.obj
c:\users\msi\documents\github\rust\trash\cfg.obj
c:\users\msi\documents\github\rust\trash\aimbot_data.obj
c:\users\msi\documents\github\rust\trash\aimbot.obj
c:\users\msi\documents\github\rust\trash\memory.obj
c:\users\msi\documents\github\rust\binaries\release\secret_sdk24.lib
c:\users\msi\documents\github\rust\binaries\release\secret_sdk24.exp
c:\users\msi\documents\github\rust\trash\secret_sdk24.ipdb
c:\users\msi\documents\github\rust\trash\secret_sdk24.iobj
c:\users\msi\documents\github\rust\\trash\secret_base24.vcxproj.filelistabsolute.txt
c:\users\msi\documents\github\rust\trash\secret_sdk24.tlog\cl.command.1.tlog
c:\users\msi\documents\github\rust\trash\secret_sdk24.tlog\cl.items.tlog
c:\users\msi\documents\github\rust\trash\secret_sdk24.tlog\cl.read.1.tlog
c:\users\msi\documents\github\rust\trash\secret_sdk24.tlog\cl.write.1.tlog
c:\users\msi\documents\github\rust\trash\secret_sdk24.tlog\link.command.1.tlog
c:\users\msi\documents\github\rust\trash\secret_sdk24.tlog\link.read.1.tlog
c:\users\msi\documents\github\rust\trash\secret_sdk24.tlog\link.write.1.tlog
c:\users\msi\documents\github\rust\trash\secret_sdk24.tlog\link.write.2u.tlog
